\BOOKMARK [1][-]{section.1}{\376\377\000C\000h\000a\000r\000g\000e\000,\000\040\000F\000i\000e\000l\000d\000,\000\040\000a\000n\000d\000\040\000t\000h\000e\000\040\000S\000c\000a\000l\000a\000r\000\040\000P\000o\000t\000e\000n\000t\000i\000a\000l\000\040}{}% 1
\BOOKMARK [1][-]{section.2}{\376\377\000K\000i\000r\000c\000h\000h\000o\000f\000f\000'\000s\000\040\000L\000a\000w\000s\000\040\000a\000s\000\040\000C\000o\000n\000s\000e\000r\000v\000a\000t\000i\000o\000n\000\040\000P\000r\000i\000n\000c\000i\000p\000l\000e\000s}{}% 2
\BOOKMARK [1][-]{section.3}{\376\377\000P\000a\000s\000s\000i\000v\000e\000\040\000E\000l\000e\000m\000e\000n\000t\000s\000\040\000a\000s\000\040\000C\000o\000n\000s\000t\000r\000a\000i\000n\000t\000\040\000O\000p\000e\000r\000a\000t\000o\000r\000s}{}% 3
\BOOKMARK [1][-]{section.4}{\376\377\000A\000d\000m\000i\000s\000s\000i\000b\000i\000l\000i\000t\000y\000\040\000o\000f\000\040\000a\000\040\000C\000i\000r\000c\000u\000i\000t\000\040\000S\000t\000a\000t\000e}{}% 4
\BOOKMARK [1][-]{section.5}{\376\377\000P\000h\000a\000s\000o\000r\000s\000\040\000a\000s\000\040\000A\000m\000p\000l\000i\000t\000w\000i\000s\000t\000\040\000O\000p\000e\000r\000a\000t\000o\000r\000s}{}% 5
\BOOKMARK [2][-]{subsection.5.1}{\376\377\000T\000h\000e\000\040\000C\000l\000a\000i\000m\000,\000\040\000S\000t\000a\000t\000e\000d\000\040\000W\000i\000t\000h\000o\000u\000t\000\040\000I\000n\000t\000e\000r\000p\000r\000e\000t\000a\000t\000i\000o\000n}{section.5}% 6
\BOOKMARK [2][-]{subsection.5.2}{\376\377\000O\000p\000e\000r\000a\000t\000o\000r\000\040\000A\000d\000d\000i\000t\000i\000o\000n\000\040\000I\000s\000\040\000N\000o\000t\000\040\000O\000p\000e\000r\000a\000t\000o\000r\000\040\000C\000o\000m\000p\000o\000s\000i\000t\000i\000o\000n}{section.5}% 7
\BOOKMARK [2][-]{subsection.5.3}{\376\377\000R\000e\000s\000o\000n\000a\000n\000c\000e\000\040\000a\000s\000\040\000t\000h\000e\000\040\000V\000a\000n\000i\000s\000h\000i\000n\000g\000\040\000o\000f\000\040\000T\000w\000i\000s\000t}{section.5}% 8
\BOOKMARK [2][-]{subsection.5.4}{\376\377\000W\000h\000a\000t\000\040\000T\000h\000i\000s\000\040\000C\000h\000a\000p\000t\000e\000r\000\040\000D\000o\000e\000s\000\040\000N\000o\000t\000\040\000Y\000e\000t\000\040\000G\000i\000v\000e}{section.5}% 9
\BOOKMARK [2][-]{subsection.5.5}{\376\377\000V\000e\000r\000d\000i\000c\000t}{section.5}% 10
\BOOKMARK [1][-]{section.6}{\376\377\000T\000w\000o\000-\000P\000o\000r\000t\000\040\000N\000e\000t\000w\000o\000r\000k\000s\000\040\000a\000s\000\040\000A\000m\000p\000l\000i\000t\000w\000i\000s\000t\000\040\000C\000h\000a\000i\000n\000s}{}% 11
\BOOKMARK [2][-]{subsection.6.1}{\376\377\000C\000a\000s\000c\000a\000d\000i\000n\000g\000\040\000I\000s\000\040\000M\000a\000t\000r\000i\000x\000\040\000C\000o\000m\000p\000o\000s\000i\000t\000i\000o\000n\000,\000\040\000N\000o\000t\000\040\000S\000c\000a\000l\000a\000r\000\040\000C\000o\000m\000p\000o\000s\000i\000t\000i\000o\000n}{section.6}% 12
\BOOKMARK [2][-]{subsection.6.2}{\376\377\000W\000h\000e\000r\000e\000\040\000t\000h\000e\000\040\000S\000c\000a\000l\000a\000r\000\040\000P\000i\000c\000t\000u\000r\000e\000\040\000I\000s\000\040\000R\000e\000c\000o\000v\000e\000r\000e\000d\000\040\000E\000x\000a\000c\000t\000l\000y}{section.6}% 13
\BOOKMARK [2][-]{subsection.6.3}{\376\377\000A\000s\000s\000e\000m\000b\000l\000y\000\040\000I\000n\000d\000e\000x\000\040\000o\000f\000\040\000a\000\040\000T\000w\000o\000-\000P\000o\000r\000t\000\040\000C\000a\000s\000c\000a\000d\000e}{section.6}% 14
\BOOKMARK [2][-]{subsection.6.4}{\376\377\000W\000h\000e\000r\000e\000\040\000t\000h\000e\000\040\000S\000c\000a\000l\000a\000r\000\040\000P\000i\000c\000t\000u\000r\000e\000\040\000B\000r\000e\000a\000k\000s\000\040\000D\000o\000w\000n}{section.6}% 15
\BOOKMARK [2][-]{subsection.6.5}{\376\377\000V\000e\000r\000d\000i\000c\000t}{section.6}% 16
\BOOKMARK [1][-]{section.7}{\376\377\000R\000e\000s\000o\000n\000a\000n\000c\000e\000\040\000a\000s\000\040\000a\000n\000\040\000A\000m\000p\000l\000i\000t\000w\000i\000s\000t\000\040\000F\000i\000x\000e\000d\000\040\000P\000o\000i\000n\000t}{}% 17
\BOOKMARK [2][-]{subsection.7.1}{\376\377\000R\000e\000s\000o\000n\000a\000n\000c\000e\000\040\000i\000n\000\040\000t\000h\000e\000\040\000S\000t\000a\000n\000d\000a\000r\000d\000\040\000V\000o\000c\000a\000b\000u\000l\000a\000r\000y}{section.7}% 18
\BOOKMARK [2][-]{subsection.7.2}{\376\377\000T\000h\000e\000\040\000T\000w\000i\000s\000t\000\040\000o\000f\000\040\000a\000n\000\040\000I\000m\000p\000e\000d\000a\000n\000c\000e\000\040\000O\000p\000e\000r\000a\000t\000o\000r}{section.7}% 19
\BOOKMARK [2][-]{subsection.7.3}{\376\377\000F\000i\000x\000e\000d\000\040\000P\000o\000i\000n\000t\000s\000\040\000o\000f\000\040\000O\000p\000e\000r\000a\000t\000o\000r\000\040\000A\000c\000t\000i\000o\000n}{section.7}% 20
\BOOKMARK [2][-]{subsection.7.4}{\376\377\000R\000e\000s\000o\000n\000a\000n\000c\000e\000\040\000a\000n\000d\000\040\000A\000d\000m\000i\000s\000s\000i\000b\000i\000l\000i\000t\000y}{section.7}% 21
\BOOKMARK [2][-]{subsection.7.5}{\376\377\000R\000e\000s\000o\000n\000a\000n\000c\000e\000\040\000a\000n\000d\000\040\000S\000y\000n\000c\000h\000r\000o\000n\000i\000z\000a\000t\000i\000o\000n}{section.7}% 22
\BOOKMARK [2][-]{subsection.7.6}{\376\377\000W\000h\000e\000r\000e\000\040\000t\000h\000e\000\040\000F\000i\000x\000e\000d\000-\000P\000o\000i\000n\000t\000\040\000P\000i\000c\000t\000u\000r\000e\000\040\000B\000r\000e\000a\000k\000s\000\040\000D\000o\000w\000n}{section.7}% 23
\BOOKMARK [2][-]{subsection.7.7}{\376\377\000V\000e\000r\000d\000i\000c\000t}{section.7}% 24
\BOOKMARK [1][-]{section.8}{\376\377\000F\000i\000l\000t\000e\000r\000s\000\040\000a\000s\000\040\000A\000d\000m\000i\000s\000s\000i\000b\000i\000l\000i\000t\000y\000\040\000G\000a\000t\000e\000s\000\040\000i\000n\000\040\000F\000r\000e\000q\000u\000e\000n\000c\000y\000\040\000S\000p\000a\000c\000e}{}% 25
\BOOKMARK [2][-]{subsection.8.1}{\376\377\000A\000\040\000F\000i\000l\000t\000e\000r\000\040\000a\000s\000\040\000a\000\040\000S\000e\000l\000e\000c\000t\000i\000o\000n\000\040\000O\000p\000e\000r\000a\000t\000o\000r}{section.8}% 26
\BOOKMARK [2][-]{subsection.8.2}{\376\377\000A\000d\000m\000i\000s\000s\000i\000b\000i\000l\000i\000t\000y\000\040\000i\000n\000\040\000F\000r\000e\000q\000u\000e\000n\000c\000y\000\040\000S\000p\000a\000c\000e}{section.8}% 27
\BOOKMARK [2][-]{subsection.8.3}{\376\377\000L\000o\000w\000-\000P\000a\000s\000s\000\040\000F\000i\000l\000t\000e\000r\000s\000\040\000a\000s\000\040\000C\000o\000n\000t\000i\000n\000u\000a\000t\000i\000o\000n\000\040\000P\000r\000e\000s\000e\000r\000v\000e\000r\000s}{section.8}% 28
\BOOKMARK [2][-]{subsection.8.4}{\376\377\000B\000a\000n\000d\000-\000P\000a\000s\000s\000\040\000F\000i\000l\000t\000e\000r\000s\000\040\000a\000n\000d\000\040\000A\000d\000m\000i\000s\000s\000i\000b\000i\000l\000i\000t\000y\000\040\000W\000i\000n\000d\000o\000w\000s}{section.8}% 29
\BOOKMARK [2][-]{subsection.8.5}{\376\377\000S\000t\000o\000p\000b\000a\000n\000d\000s\000\040\000a\000s\000\040\000R\000e\000f\000u\000s\000a\000l\000\040\000R\000e\000g\000i\000o\000n\000s}{section.8}% 30
\BOOKMARK [2][-]{subsection.8.6}{\376\377\000B\000a\000n\000d\000w\000i\000d\000t\000h\000\040\000a\000s\000\040\000A\000d\000m\000i\000s\000s\000i\000b\000i\000l\000i\000t\000y\000\040\000V\000o\000l\000u\000m\000e}{section.8}% 31
\BOOKMARK [2][-]{subsection.8.7}{\376\377\000T\000r\000a\000n\000s\000i\000t\000i\000o\000n\000\040\000R\000e\000g\000i\000o\000n\000s\000\040\000a\000n\000d\000\040\000B\000o\000u\000n\000d\000a\000r\000y\000\040\000E\000f\000f\000e\000c\000t\000s}{section.8}% 32
\BOOKMARK [2][-]{subsection.8.8}{\376\377\000R\000e\000s\000o\000n\000a\000n\000c\000e\000\040\000a\000n\000d\000\040\000F\000i\000l\000t\000e\000r\000i\000n\000g}{section.8}% 33
\BOOKMARK [2][-]{subsection.8.9}{\376\377\000W\000h\000e\000r\000e\000\040\000t\000h\000e\000\040\000A\000d\000m\000i\000s\000s\000i\000b\000i\000l\000i\000t\000y\000\040\000P\000i\000c\000t\000u\000r\000e\000\040\000B\000e\000c\000o\000m\000e\000s\000\040\000I\000n\000c\000o\000m\000p\000l\000e\000t\000e}{section.8}% 34
\BOOKMARK [2][-]{subsection.8.10}{\376\377\000V\000e\000r\000d\000i\000c\000t}{section.8}% 35
\BOOKMARK [1][-]{section.9}{\376\377\000T\000h\000e\000\040\000D\000i\000o\000d\000e\000\040\000a\000s\000\040\000a\000n\000\040\000I\000r\000r\000e\000v\000e\000r\000s\000i\000b\000l\000e\000\040\000S\000p\000h\000e\000r\000e\000p\000o\000p\000\040\000O\000p\000e\000r\000a\000t\000o\000r}{}% 36
\BOOKMARK [2][-]{subsection.9.1}{\376\377\000R\000e\000c\000a\000l\000l\000i\000n\000g\000\040\000t\000h\000e\000\040\000P\000o\000p\000\040\000O\000p\000e\000r\000a\000t\000o\000r}{section.9}% 37
\BOOKMARK [2][-]{subsection.9.2}{\376\377\000T\000h\000e\000\040\000I\000d\000e\000a\000l\000\040\000D\000i\000o\000d\000e\000\040\000a\000s\000\040\000P\000o\000p\000\040\000P\000a\000i\000r\000e\000d\000\040\000w\000i\000t\000h\000\040\000R\000e\000f\000u\000s\000e}{section.9}% 38
\BOOKMARK [2][-]{subsection.9.3}{\376\377\000I\000r\000r\000e\000v\000e\000r\000s\000i\000b\000i\000l\000i\000t\000y\000\040\000I\000s\000\040\000N\000o\000t\000\040\000a\000n\000\040\000I\000n\000c\000i\000d\000e\000n\000t\000a\000l\000\040\000F\000e\000a\000t\000u\000r\000e\000:\000\040\000R\000e\000c\000t\000i\000f\000i\000c\000a\000t\000i\000o\000n\000\040\000R\000e\000q\000u\000i\000r\000e\000s\000\040\000I\000t}{section.9}% 39
\BOOKMARK [2][-]{subsection.9.4}{\376\377\000D\000i\000s\000s\000i\000p\000a\000t\000i\000o\000n\000:\000\040\000W\000h\000e\000r\000e\000\040\000E\000n\000t\000r\000o\000p\000y\000\040\000E\000n\000t\000e\000r\000s\000\040\000T\000h\000i\000s\000\040\000B\000o\000o\000k}{section.9}% 40
\BOOKMARK [2][-]{subsection.9.5}{\376\377\000W\000h\000e\000r\000e\000\040\000t\000h\000e\000\040\000T\000w\000o\000-\000S\000t\000a\000t\000e\000\040\000M\000o\000d\000e\000l\000\040\000B\000r\000e\000a\000k\000s\000\040\000D\000o\000w\000n}{section.9}% 41
\BOOKMARK [2][-]{subsection.9.6}{\376\377\000V\000e\000r\000d\000i\000c\000t}{section.9}% 42
\BOOKMARK [1][-]{section*.3}{\376\377\000H\000i\000s\000t\000o\000r\000i\000e\000s\000\040\000B\000e\000f\000o\000r\000e\000\040\000S\000t\000a\000t\000e\000s}{}% 43
\BOOKMARK [1][-]{section.10}{\376\377\000B\000J\000T\000/\000F\000E\000T\000\040\000a\000s\000\040\000C\000o\000n\000s\000t\000r\000a\000i\000n\000e\000d\000\040\000A\000m\000p\000l\000i\000f\000i\000c\000a\000t\000i\000o\000n\000\040\000F\000i\000e\000l\000d\000s}{}% 44
\BOOKMARK [2][-]{subsection.10.1}{\376\377\000T\000h\000e\000\040\000A\000c\000t\000i\000v\000e\000\040\000R\000e\000g\000i\000o\000n\000\040\000I\000s\000\040\000I\000n\000v\000e\000r\000t\000i\000b\000l\000e}{section.10}% 45
\BOOKMARK [2][-]{subsection.10.2}{\376\377\000C\000u\000t\000o\000f\000f\000\040\000a\000n\000d\000\040\000S\000a\000t\000u\000r\000a\000t\000i\000o\000n\000:\000\040\000W\000h\000e\000r\000e\000\040\000C\000o\000l\000l\000a\000p\000s\000e\000\040\000R\000e\000t\000u\000r\000n\000s}{section.10}% 46
\BOOKMARK [2][-]{subsection.10.3}{\376\377\000T\000h\000e\000\040\000F\000E\000T\000:\000\040\000A\000\040\000D\000i\000f\000f\000e\000r\000e\000n\000t\000\040\000N\000o\000n\000l\000i\000n\000e\000a\000r\000i\000t\000y\000,\000\040\000t\000h\000e\000\040\000S\000a\000m\000e\000\040\000S\000t\000r\000u\000c\000t\000u\000r\000e}{section.10}% 47
\BOOKMARK [2][-]{subsection.10.4}{\376\377\000V\000e\000r\000d\000i\000c\000t}{section.10}% 48
\BOOKMARK [1][-]{section.11}{\376\377\000O\000p\000-\000A\000m\000p\000s\000\040\000a\000s\000\040\000I\000d\000e\000a\000l\000i\000z\000e\000d\000\040\000A\000d\000m\000i\000s\000s\000i\000b\000i\000l\000i\000t\000y\000\040\000E\000n\000g\000i\000n\000e\000s}{}% 49
\BOOKMARK [2][-]{subsection.11.1}{\376\377\000T\000h\000e\000\040\000G\000o\000l\000d\000e\000n\000\040\000R\000u\000l\000e\000s\000\040\000a\000s\000\040\000C\000o\000n\000t\000e\000x\000t\000u\000a\000l\000\040\000A\000d\000m\000i\000s\000s\000i\000b\000i\000l\000i\000t\000y}{section.11}% 50
\BOOKMARK [2][-]{subsection.11.2}{\376\377\000T\000h\000e\000\040\000I\000n\000t\000e\000g\000r\000a\000t\000o\000r\000:\000\040\000W\000h\000e\000r\000e\000\040\000t\000h\000e\000\040\000H\000i\000s\000t\000o\000r\000i\000e\000s\000\040\000C\000h\000a\000p\000t\000e\000r\000\040\000B\000e\000c\000o\000m\000e\000s\000\040\000a\000\040\000D\000e\000s\000i\000g\000n\000\040\000C\000h\000o\000i\000c\000e}{section.11}% 51
\BOOKMARK [2][-]{subsection.11.3}{\376\377\000T\000h\000e\000\040\000C\000o\000m\000p\000a\000r\000a\000t\000o\000r\000:\000\040\000W\000h\000e\000r\000e\000\040\000A\000d\000m\000i\000s\000s\000i\000b\000i\000l\000i\000t\000y\000\040\000G\000i\000v\000e\000s\000\040\000W\000a\000y\000\040\000t\000o\000\040\000C\000o\000l\000l\000a\000p\000s\000e}{section.11}% 52
\BOOKMARK [2][-]{subsection.11.4}{\376\377\000V\000e\000r\000d\000i\000c\000t}{section.11}% 53
\BOOKMARK [1][-]{section.12}{\376\377\000L\000o\000g\000/\000E\000x\000p\000o\000n\000e\000n\000t\000i\000a\000l\000\040\000A\000m\000p\000l\000i\000f\000i\000e\000r\000s\000\040\000a\000s\000\040\000C\000o\000m\000p\000r\000e\000s\000s\000i\000o\000n\000\040\000O\000p\000e\000r\000a\000t\000o\000r\000s}{}% 54
\BOOKMARK [2][-]{subsection.12.1}{\376\377\000T\000h\000e\000\040\000L\000o\000g\000\040\000A\000m\000p\000l\000i\000f\000i\000e\000r\000\040\000a\000s\000\040\000D\000y\000n\000a\000m\000i\000c\000-\000R\000a\000n\000g\000e\000\040\000C\000o\000m\000p\000r\000e\000s\000s\000i\000o\000n}{section.12}% 55
\BOOKMARK [2][-]{subsection.12.2}{\376\377\000T\000h\000e\000\040\000L\000o\000g\000-\000A\000n\000t\000i\000l\000o\000g\000\040\000M\000u\000l\000t\000i\000p\000l\000i\000e\000r\000\040\000a\000n\000d\000\040\000C\000h\000a\000p\000t\000e\000r\000\040\0006\000'\000s\000\040\000C\000o\000m\000p\000o\000s\000i\000t\000i\000o\000n\000\040\000L\000a\000w}{section.12}% 56
\BOOKMARK [2][-]{subsection.12.3}{\376\377\000W\000h\000e\000r\000e\000\040\000T\000h\000i\000s\000\040\000C\000h\000a\000p\000t\000e\000r\000'\000s\000\040\000I\000d\000e\000a\000l\000i\000z\000a\000t\000i\000o\000n\000s\000\040\000F\000a\000i\000l}{section.12}% 57
\BOOKMARK [2][-]{subsection.12.4}{\376\377\000V\000e\000r\000d\000i\000c\000t}{section.12}% 58
\BOOKMARK [1][-]{section.13}{\376\377\000F\000e\000e\000d\000b\000a\000c\000k\000\040\000a\000s\000\040\000R\000e\000c\000u\000r\000s\000i\000v\000e\000\040\000C\000o\000n\000t\000i\000n\000u\000a\000t\000i\000o\000n}{}% 59
\BOOKMARK [2][-]{subsection.13.1}{\376\377\000T\000h\000e\000\040\000C\000l\000o\000s\000e\000d\000\040\000L\000o\000o\000p\000\040\000a\000s\000\040\000a\000\040\000F\000i\000x\000e\000d\000-\000P\000o\000i\000n\000t\000\040\000E\000q\000u\000a\000t\000i\000o\000n}{section.13}% 60
\BOOKMARK [2][-]{subsection.13.2}{\376\377\000F\000e\000e\000d\000b\000a\000c\000k\000\040\000i\000n\000\040\000T\000i\000m\000e\000:\000\040\000S\000e\000l\000f\000-\000R\000e\000f\000e\000r\000e\000n\000c\000e\000\040\000a\000s\000\040\000a\000n\000\040\000O\000D\000E}{section.13}% 61
\BOOKMARK [2][-]{subsection.13.3}{\376\377\000A\000\040\000B\000r\000i\000e\000f\000,\000\040\000D\000e\000f\000e\000r\000r\000e\000d\000\040\000N\000o\000t\000e\000\040\000o\000n\000\040\000H\000i\000s\000t\000o\000r\000y}{section.13}% 62
\BOOKMARK [1][-]{section.14}{\376\377\000T\000h\000e\000\040\000B\000a\000r\000k\000h\000a\000u\000s\000e\000n\000\040\000C\000r\000i\000t\000e\000r\000i\000o\000n\000\040\000a\000s\000\040\000a\000n\000\040\000A\000d\000m\000i\000s\000s\000i\000b\000i\000l\000i\000t\000y\000\040\000C\000o\000n\000d\000i\000t\000i\000o\000n}{}% 63
\BOOKMARK [2][-]{subsection.14.1}{\376\377\000T\000h\000e\000\040\000C\000r\000i\000t\000e\000r\000i\000o\000n\000,\000\040\000R\000e\000c\000a\000l\000l\000e\000d}{section.14}% 64
\BOOKMARK [2][-]{subsection.14.2}{\376\377\000T\000h\000e\000\040\000C\000r\000i\000t\000e\000r\000i\000o\000n\000\040\000I\000s\000\040\000t\000h\000e\000\040\000L\000i\000n\000e\000a\000r\000\040\000O\000n\000s\000e\000t\000\040\000C\000o\000n\000d\000i\000t\000i\000o\000n\000\040\000f\000o\000r\000\040\000a\000\040\000H\000o\000p\000f\000\040\000B\000i\000f\000u\000r\000c\000a\000t\000i\000o\000n}{section.14}% 65
\BOOKMARK [2][-]{subsection.14.3}{\376\377\000N\000e\000c\000e\000s\000s\000a\000r\000y\000,\000\040\000N\000o\000t\000\040\000S\000u\000f\000f\000i\000c\000i\000e\000n\000t\000:\000\040\000S\000t\000a\000r\000t\000u\000p\000\040\000R\000e\000q\000u\000i\000r\000e\000s\000\040\000M\000o\000r\000e}{section.14}% 66
\BOOKMARK [2][-]{subsection.14.4}{\376\377\000A\000d\000m\000i\000s\000s\000i\000b\000i\000l\000i\000t\000y\000,\000\040\000N\000a\000m\000e\000d\000\040\000P\000r\000e\000c\000i\000s\000e\000l\000y}{section.14}% 67
\BOOKMARK [2][-]{subsection.14.5}{\376\377\000W\000h\000e\000r\000e\000\040\000T\000h\000i\000s\000\040\000C\000h\000a\000p\000t\000e\000r\000'\000s\000\040\000P\000i\000c\000t\000u\000r\000e\000\040\000B\000r\000e\000a\000k\000s\000\040\000D\000o\000w\000n}{section.14}% 68
\BOOKMARK [2][-]{subsection.14.6}{\376\377\000V\000e\000r\000d\000i\000c\000t}{section.14}% 69
\BOOKMARK [1][-]{section.15}{\376\377\000O\000s\000c\000i\000l\000l\000a\000t\000o\000r\000\040\000C\000i\000r\000c\000u\000i\000t\000s\000\040\000a\000s\000\040\000S\000e\000l\000f\000-\000S\000u\000s\000t\000a\000i\000n\000i\000n\000g\000\040\000A\000m\000p\000l\000i\000t\000w\000i\000s\000t\000\040\000L\000o\000o\000p\000s}{}% 70
\BOOKMARK [2][-]{subsection.15.1}{\376\377\000T\000h\000e\000\040\000G\000e\000n\000e\000r\000a\000l\000\040\000S\000t\000r\000u\000c\000t\000u\000r\000e\000,\000\040\000R\000e\000c\000a\000l\000l\000e\000d\000\040\000a\000n\000d\000\040\000S\000p\000e\000c\000i\000a\000l\000i\000z\000e\000d}{section.15}% 71
\BOOKMARK [2][-]{subsection.15.2}{\376\377\000T\000h\000e\000\040\000R\000C\000\040\000P\000h\000a\000s\000e\000-\000S\000h\000i\000f\000t\000\040\000O\000s\000c\000i\000l\000l\000a\000t\000o\000r}{section.15}% 72
\BOOKMARK [2][-]{subsection.15.3}{\376\377\000T\000h\000e\000\040\000L\000C\000\040\000\050\000H\000a\000r\000t\000l\000e\000y\000\051\000\040\000O\000s\000c\000i\000l\000l\000a\000t\000o\000r}{section.15}% 73
\BOOKMARK [2][-]{subsection.15.4}{\376\377\000T\000h\000e\000\040\000C\000r\000y\000s\000t\000a\000l\000\040\000O\000s\000c\000i\000l\000l\000a\000t\000o\000r}{section.15}% 74
\BOOKMARK [2][-]{subsection.15.5}{\376\377\000A\000m\000p\000l\000i\000t\000u\000d\000e\000\040\000S\000e\000l\000f\000-\000L\000i\000m\000i\000t\000i\000n\000g\000,\000\040\000C\000o\000n\000c\000r\000e\000t\000e\000l\000y}{section.15}% 75
\BOOKMARK [2][-]{subsection.15.6}{\376\377\000W\000h\000e\000r\000e\000\040\000T\000h\000i\000s\000\040\000C\000h\000a\000p\000t\000e\000r\000'\000s\000\040\000I\000d\000e\000a\000l\000i\000z\000a\000t\000i\000o\000n\000s\000\040\000B\000r\000e\000a\000k\000\040\000D\000o\000w\000n}{section.15}% 76
\BOOKMARK [2][-]{subsection.15.7}{\376\377\000V\000e\000r\000d\000i\000c\000t}{section.15}% 77
\BOOKMARK [1][-]{section*.9}{\376\377\000S\000y\000n\000c\000h\000r\000o\000n\000i\000z\000a\000t\000i\000o\000n\000:\000\040\000F\000r\000o\000m\000\040\000C\000o\000u\000p\000l\000e\000d\000\040\000O\000s\000c\000i\000l\000l\000a\000t\000o\000r\000s\000\040\000t\000o\000\040\000N\000e\000t\000w\000o\000r\000k\000\040\000C\000o\000h\000e\000r\000e\000n\000c\000e}{}% 78
\BOOKMARK [1][-]{section.16}{\376\377\000T\000h\000e\000\040\000P\000h\000a\000s\000e\000-\000L\000o\000c\000k\000e\000d\000\040\000L\000o\000o\000p\000\040\000a\000s\000\040\000E\000n\000g\000i\000n\000e\000e\000r\000e\000d\000\040\000C\000o\000n\000t\000i\000n\000u\000a\000t\000i\000o\000n}{}% 79
\BOOKMARK [2][-]{subsection.16.1}{\376\377\000T\000h\000e\000\040\000L\000o\000o\000p\000,\000\040\000i\000n\000\040\000B\000l\000o\000c\000k\000\040\000F\000o\000r\000m}{section.16}% 80
\BOOKMARK [2][-]{subsection.16.2}{\376\377\000T\000h\000e\000\040\000S\000i\000m\000p\000l\000e\000s\000t\000\040\000C\000a\000s\000e\000\040\000I\000s\000\040\000E\000x\000a\000c\000t\000l\000y\000\040\000A\000d\000l\000e\000r\000'\000s\000\040\000E\000q\000u\000a\000t\000i\000o\000n}{section.16}% 81
\BOOKMARK [2][-]{subsection.16.3}{\376\377\000W\000h\000a\000t\000\040\000E\000n\000g\000i\000n\000e\000e\000r\000i\000n\000g\000\040\000t\000h\000e\000\040\000C\000o\000u\000p\000l\000i\000n\000g\000\040\000B\000u\000y\000s\000:\000\040\000A\000n\000\040\000I\000n\000t\000e\000g\000r\000a\000t\000o\000r}{section.16}% 82
\BOOKMARK [2][-]{subsection.16.4}{\376\377\000A\000\040\000S\000e\000c\000o\000n\000d\000\040\000E\000x\000t\000e\000n\000s\000i\000o\000n\000:\000\040\000C\000a\000p\000t\000u\000r\000e\000\040\000R\000a\000n\000g\000e}{section.16}% 83
\BOOKMARK [2][-]{subsection.16.5}{\376\377\000F\000a\000i\000l\000u\000r\000e\000\040\000M\000o\000d\000e\000s\000\040\000S\000p\000e\000c\000i\000f\000i\000c\000\040\000t\000o\000\040\000T\000h\000i\000s\000\040\000C\000h\000a\000p\000t\000e\000r}{section.16}% 84
\BOOKMARK [2][-]{subsection.16.6}{\376\377\000V\000e\000r\000d\000i\000c\000t}{section.16}% 85
\BOOKMARK [1][-]{section.17}{\376\377\000D\000i\000g\000i\000t\000a\000l\000\040\000L\000o\000g\000i\000c\000\040\000a\000s\000\040\000S\000p\000h\000e\000r\000e\000p\000o\000p\000\040\000C\000o\000l\000l\000a\000p\000s\000e}{}% 86
\BOOKMARK [2][-]{subsection.17.1}{\376\377\000E\000v\000e\000r\000y\000\040\000S\000t\000a\000n\000d\000a\000r\000d\000\040\000L\000o\000g\000i\000c\000\040\000G\000a\000t\000e\000\040\000I\000s\000\040\000a\000\040\000P\000o\000p\000\040\000O\000p\000e\000r\000a\000t\000o\000r}{section.17}% 87
\BOOKMARK [2][-]{subsection.17.2}{\376\377\000N\000o\000t\000\040\000A\000l\000l\000\040\000C\000o\000l\000l\000a\000p\000s\000e\000s\000\040\000A\000r\000e\000\040\000E\000q\000u\000a\000l}{section.17}% 88
\BOOKMARK [2][-]{subsection.17.3}{\376\377\000L\000a\000n\000d\000a\000u\000e\000r\000'\000s\000\040\000B\000o\000u\000n\000d\000,\000\040\000P\000r\000o\000p\000e\000r\000l\000y\000\040\000E\000a\000r\000n\000e\000d\000\040\000H\000e\000r\000e}{section.17}% 89
\BOOKMARK [2][-]{subsection.17.4}{\376\377\000R\000e\000v\000e\000r\000s\000i\000b\000l\000e\000\040\000G\000a\000t\000e\000s\000:\000\040\000T\000h\000e\000\040\000E\000x\000c\000e\000p\000t\000i\000o\000n\000\040\000T\000h\000a\000t\000\040\000P\000r\000o\000v\000e\000s\000\040\000t\000h\000e\000\040\000R\000u\000l\000e}{section.17}% 90
\BOOKMARK [2][-]{subsection.17.5}{\376\377\000S\000e\000q\000u\000e\000n\000t\000i\000a\000l\000\040\000L\000o\000g\000i\000c\000:\000\040\000W\000h\000e\000r\000e\000\040\000H\000i\000s\000t\000o\000r\000y\000\040\000R\000e\000-\000e\000n\000t\000e\000r\000s}{section.17}% 91
\BOOKMARK [2][-]{subsection.17.6}{\376\377\000F\000a\000i\000l\000u\000r\000e\000\040\000M\000o\000d\000e\000s\000\040\000S\000p\000e\000c\000i\000f\000i\000c\000\040\000t\000o\000\040\000T\000h\000i\000s\000\040\000C\000h\000a\000p\000t\000e\000r}{section.17}% 92
\BOOKMARK [2][-]{subsection.17.7}{\376\377\000V\000e\000r\000d\000i\000c\000t}{section.17}% 93
\BOOKMARK [1][-]{section.18}{\376\377\000C\000l\000o\000c\000k\000\040\000D\000i\000s\000t\000r\000i\000b\000u\000t\000i\000o\000n\000,\000\040\000S\000k\000e\000w\000,\000\040\000a\000n\000d\000\040\000D\000o\000m\000a\000i\000n\000\040\000C\000r\000o\000s\000s\000i\000n\000g}{}% 94
\BOOKMARK [2][-]{subsection.18.1}{\376\377\000C\000l\000o\000c\000k\000\040\000S\000k\000e\000w\000\040\000I\000s\000\040\000D\000e\000t\000e\000r\000m\000i\000n\000i\000s\000t\000i\000c\000,\000\040\000N\000o\000t\000\040\000S\000t\000a\000t\000i\000s\000t\000i\000c\000a\000l}{section.18}% 95
\BOOKMARK [2][-]{subsection.18.2}{\376\377\000S\000e\000t\000u\000p\000\040\000a\000n\000d\000\040\000H\000o\000l\000d\000\040\000a\000s\000\040\000a\000\040\000J\000o\000i\000n\000t\000\040\000A\000d\000m\000i\000s\000s\000i\000b\000i\000l\000i\000t\000y\000\040\000C\000r\000i\000t\000e\000r\000i\000o\000n}{section.18}% 96
\BOOKMARK [2][-]{subsection.18.3}{\376\377\000C\000l\000o\000c\000k\000\040\000D\000o\000m\000a\000i\000n\000\040\000C\000r\000o\000s\000s\000i\000n\000g\000:\000\040\000W\000h\000e\000r\000e\000\040\000C\000h\000a\000p\000t\000e\000r\000\040\0001\0007\000'\000s\000\040\000M\000e\000t\000a\000s\000t\000a\000b\000i\000l\000i\000t\000y\000\040\000I\000s\000\040\000U\000n\000a\000v\000o\000i\000d\000a\000b\000l\000e}{section.18}% 97
\BOOKMARK [2][-]{subsection.18.4}{\376\377\000D\000i\000s\000t\000r\000i\000b\000u\000t\000e\000d\000\040\000S\000y\000n\000c\000h\000r\000o\000n\000i\000z\000a\000t\000i\000o\000n\000:\000\040\000A\000\040\000D\000i\000r\000e\000c\000t\000\040\000A\000p\000p\000l\000i\000c\000a\000t\000i\000o\000n\000\040\000o\000f\000\040\000a\000n\000\040\000E\000a\000r\000l\000i\000e\000r\000\040\000C\000h\000a\000p\000t\000e\000r}{section.18}% 98
\BOOKMARK [2][-]{subsection.18.5}{\376\377\000F\000a\000i\000l\000u\000r\000e\000\040\000M\000o\000d\000e\000s\000\040\000a\000n\000d\000\040\000L\000i\000m\000i\000t\000a\000t\000i\000o\000n\000s}{section.18}% 99
\BOOKMARK [2][-]{subsection.18.6}{\376\377\000V\000e\000r\000d\000i\000c\000t}{section.18}% 100
\BOOKMARK [1][-]{section.19}{\376\377\000M\000e\000m\000o\000r\000y\000\040\000a\000n\000d\000\040\000R\000e\000p\000a\000i\000r}{}% 101
\BOOKMARK [2][-]{subsection.19.1}{\376\377\000D\000R\000A\000M\000\040\000a\000s\000\040\000C\000o\000n\000t\000i\000n\000u\000o\000u\000s\000l\000y\000\040\000R\000e\000p\000a\000i\000r\000e\000d\000\040\000H\000i\000s\000t\000o\000r\000y}{section.19}% 102
\BOOKMARK [2][-]{subsection.19.2}{\376\377\000E\000r\000r\000o\000r\000-\000C\000o\000r\000r\000e\000c\000t\000i\000n\000g\000\040\000M\000e\000m\000o\000r\000y\000\040\000a\000s\000\040\000t\000h\000e\000\040\000R\000e\000p\000a\000i\000r\000\040\000C\000h\000a\000i\000n\000,\000\040\000C\000o\000n\000c\000r\000e\000t\000e\000l\000y}{section.19}% 103
\BOOKMARK [2][-]{subsection.19.3}{\376\377\000S\000i\000l\000e\000n\000t\000\040\000M\000i\000s\000c\000o\000r\000r\000e\000c\000t\000i\000o\000n\000:\000\040\000W\000h\000e\000n\000\040\000R\000e\000p\000a\000i\000r\000\040\000P\000r\000o\000d\000u\000c\000e\000s\000\040\000a\000\040\000W\000r\000o\000n\000g\000,\000\040\000A\000d\000m\000i\000s\000s\000i\000b\000l\000e\000\040\000H\000i\000s\000t\000o\000r\000y}{section.19}% 104
\BOOKMARK [2][-]{subsection.19.4}{\376\377\000F\000a\000i\000l\000u\000r\000e\000\040\000M\000o\000d\000e\000s\000\040\000a\000n\000d\000\040\000L\000i\000m\000i\000t\000a\000t\000i\000o\000n\000s}{section.19}% 105
\BOOKMARK [2][-]{subsection.19.5}{\376\377\000V\000e\000r\000d\000i\000c\000t}{section.19}% 106
\BOOKMARK [1][-]{section.20}{\376\377\000N\000o\000i\000s\000e\000\040\000a\000s\000\040\000E\000n\000t\000r\000o\000p\000i\000c\000\040\000P\000r\000o\000d\000u\000c\000t\000i\000o\000n}{}% 107
\BOOKMARK [2][-]{subsection.20.1}{\376\377\000E\000n\000t\000r\000o\000p\000y\000\040\000P\000r\000o\000d\000u\000c\000t\000i\000o\000n\000\040\000i\000n\000\040\000a\000\040\000D\000i\000s\000s\000i\000p\000a\000t\000i\000v\000e\000\040\000C\000i\000r\000c\000u\000i\000t}{section.20}% 108
\BOOKMARK [2][-]{subsection.20.2}{\376\377\000T\000h\000e\000\040\000S\000a\000m\000e\000\040\000R\000e\000s\000i\000s\000t\000o\000r\000s\000\040\000T\000h\000a\000t\000\040\000D\000i\000s\000s\000i\000p\000a\000t\000e\000\040\000A\000l\000s\000o\000\040\000F\000l\000u\000c\000t\000u\000a\000t\000e}{section.20}% 109
\BOOKMARK [2][-]{subsection.20.3}{\376\377\000S\000h\000o\000t\000\040\000N\000o\000i\000s\000e\000:\000\040\000A\000\040\000S\000e\000c\000o\000n\000d\000,\000\040\000D\000i\000s\000t\000i\000n\000c\000t\000\040\000M\000e\000c\000h\000a\000n\000i\000s\000m}{section.20}% 110
\BOOKMARK [2][-]{subsection.20.4}{\376\377\000R\000e\000a\000c\000t\000i\000v\000e\000\040\000E\000l\000e\000m\000e\000n\000t\000s\000\040\000A\000r\000e\000,\000\040\000I\000d\000e\000a\000l\000l\000y\000,\000\040\000S\000i\000l\000e\000n\000t}{section.20}% 111
\BOOKMARK [2][-]{subsection.20.5}{\376\377\000W\000h\000e\000r\000e\000\040\000T\000h\000i\000s\000\040\000C\000h\000a\000p\000t\000e\000r\000'\000s\000\040\000P\000i\000c\000t\000u\000r\000e\000\040\000I\000s\000\040\000I\000n\000c\000o\000m\000p\000l\000e\000t\000e}{section.20}% 112
\BOOKMARK [2][-]{subsection.20.6}{\376\377\000V\000e\000r\000d\000i\000c\000t}{section.20}% 113
\BOOKMARK [1][-]{section.21}{\376\377\000S\000i\000g\000n\000a\000l\000-\000t\000o\000-\000N\000o\000i\000s\000e\000\040\000R\000a\000t\000i\000o\000\040\000a\000n\000d\000\040\000t\000h\000e\000\040\000C\000o\000m\000p\000a\000c\000t\000n\000e\000s\000s\000\040\000C\000r\000i\000t\000e\000r\000i\000o\000n}{}% 114
\BOOKMARK [2][-]{subsection.21.1}{\376\377\000S\000i\000g\000n\000a\000l\000\040\000a\000n\000d\000\040\000N\000o\000i\000s\000e\000\040\000a\000s\000\040\000C\000o\000m\000p\000e\000t\000i\000n\000g\000\040\000C\000o\000m\000p\000o\000n\000e\000n\000t\000s}{section.21}% 115
\BOOKMARK [2][-]{subsection.21.2}{\376\377\000T\000h\000e\000\040\000R\000e\000c\000o\000v\000e\000r\000a\000b\000i\000l\000i\000t\000y\000\040\000I\000n\000t\000e\000r\000p\000r\000e\000t\000a\000t\000i\000o\000n}{section.21}% 116
\BOOKMARK [2][-]{subsection.21.3}{\376\377\000D\000i\000s\000t\000i\000n\000g\000u\000i\000s\000h\000a\000b\000i\000l\000i\000t\000y\000\040\000a\000n\000d\000\040\000A\000d\000m\000i\000s\000s\000i\000b\000i\000l\000i\000t\000y}{section.21}% 117
\BOOKMARK [2][-]{subsection.21.4}{\376\377\000N\000o\000i\000s\000e\000\040\000a\000s\000\040\000C\000o\000m\000p\000r\000e\000s\000s\000i\000o\000n\000\040\000P\000r\000e\000s\000s\000u\000r\000e}{section.21}% 118
\BOOKMARK [2][-]{subsection.21.5}{\376\377\000S\000h\000a\000n\000n\000o\000n\000\040\000C\000a\000p\000a\000c\000i\000t\000y\000\040\000a\000s\000\040\000a\000n\000\040\000A\000d\000m\000i\000s\000s\000i\000b\000i\000l\000i\000t\000y\000\040\000V\000o\000l\000u\000m\000e}{section.21}% 119
\BOOKMARK [2][-]{subsection.21.6}{\376\377\000T\000h\000e\000\040\000C\000o\000m\000p\000a\000c\000t\000n\000e\000s\000s\000\040\000C\000r\000i\000t\000e\000r\000i\000o\000n}{section.21}% 120
\BOOKMARK [2][-]{subsection.21.7}{\376\377\000A\000\040\000C\000i\000r\000c\000u\000i\000t\000-\000T\000h\000e\000o\000r\000e\000t\000i\000c\000\040\000E\000x\000a\000m\000p\000l\000e}{section.21}% 121
\BOOKMARK [2][-]{subsection.21.8}{\376\377\000R\000e\000l\000a\000t\000i\000o\000n\000\040\000t\000o\000\040\000E\000a\000r\000l\000i\000e\000r\000\040\000C\000h\000a\000p\000t\000e\000r\000s}{section.21}% 122
\BOOKMARK [2][-]{subsection.21.9}{\376\377\000W\000h\000e\000r\000e\000\040\000t\000h\000e\000\040\000C\000o\000m\000p\000a\000c\000t\000n\000e\000s\000s\000\040\000P\000i\000c\000t\000u\000r\000e\000\040\000B\000r\000e\000a\000k\000s\000\040\000D\000o\000w\000n}{section.21}% 123
\BOOKMARK [2][-]{subsection.21.10}{\376\377\000V\000e\000r\000d\000i\000c\000t}{section.21}% 124
\BOOKMARK [1][-]{section.22}{\376\377\000F\000a\000i\000l\000u\000r\000e\000\040\000M\000o\000d\000e\000s\000\040\000a\000n\000d\000\040\000L\000i\000m\000i\000t\000a\000t\000i\000o\000n\000s}{}% 125
\BOOKMARK [2][-]{subsection.22.1}{\376\377\000W\000h\000a\000t\000\040\000T\000h\000i\000s\000\040\000B\000o\000o\000k\000\040\000A\000c\000t\000u\000a\000l\000l\000y\000\040\000C\000l\000a\000i\000m\000s}{section.22}% 126
\BOOKMARK [2][-]{subsection.22.2}{\376\377\000F\000a\000i\000l\000u\000r\000e\000\040\000M\000o\000d\000e\000\040\000I\000:\000\040\000I\000d\000l\000e\000\040\000R\000e\000n\000a\000m\000i\000n\000g}{section.22}% 127
\BOOKMARK [2][-]{subsection.22.3}{\376\377\000F\000a\000i\000l\000u\000r\000e\000\040\000M\000o\000d\000e\000\040\000I\000I\000:\000\040\000B\000r\000e\000a\000k\000d\000o\000w\000n\000\040\000o\000f\000\040\000S\000c\000a\000l\000a\000r\000\040\000A\000m\000p\000l\000i\000t\000w\000i\000s\000t\000\040\000S\000t\000r\000u\000c\000t\000u\000r\000e}{section.22}% 128
\BOOKMARK [2][-]{subsection.22.4}{\376\377\000F\000a\000i\000l\000u\000r\000e\000\040\000M\000o\000d\000e\000\040\000I\000I\000I\000:\000\040\000N\000o\000n\000-\000S\000i\000n\000u\000s\000o\000i\000d\000a\000l\000\040\000R\000e\000g\000i\000m\000e\000s}{section.22}% 129
\BOOKMARK [2][-]{subsection.22.5}{\376\377\000F\000a\000i\000l\000u\000r\000e\000\040\000M\000o\000d\000e\000\040\000I\000V\000:\000\040\000A\000d\000a\000p\000t\000i\000v\000e\000\040\000A\000d\000m\000i\000s\000s\000i\000b\000i\000l\000i\000t\000y}{section.22}% 130
\BOOKMARK [2][-]{subsection.22.6}{\376\377\000F\000a\000i\000l\000u\000r\000e\000\040\000M\000o\000d\000e\000\040\000V\000:\000\040\000L\000o\000c\000k\000\040\000L\000o\000s\000s\000\040\000a\000n\000d\000\040\000S\000y\000n\000c\000h\000r\000o\000n\000i\000z\000a\000t\000i\000o\000n\000\040\000C\000o\000l\000l\000a\000p\000s\000e}{section.22}% 131
\BOOKMARK [2][-]{subsection.22.7}{\376\377\000F\000a\000i\000l\000u\000r\000e\000\040\000M\000o\000d\000e\000\040\000V\000I\000:\000\040\000E\000n\000t\000r\000o\000p\000y\000\040\000W\000i\000t\000h\000o\000u\000t\000\040\000D\000i\000s\000s\000i\000p\000a\000t\000i\000o\000n}{section.22}% 132
\BOOKMARK [2][-]{subsection.22.8}{\376\377\000F\000a\000i\000l\000u\000r\000e\000\040\000M\000o\000d\000e\000\040\000V\000I\000I\000:\000\040\000H\000i\000s\000t\000o\000r\000y\000\040\000W\000i\000t\000h\000o\000u\000t\000\040\000C\000o\000n\000t\000i\000n\000u\000a\000t\000i\000o\000n}{section.22}% 133
\BOOKMARK [2][-]{subsection.22.9}{\376\377\000A\000\040\000C\000o\000m\000p\000a\000c\000t\000n\000e\000s\000s\000\040\000C\000r\000i\000t\000e\000r\000i\000o\000n\000\040\000f\000o\000r\000\040\000t\000h\000e\000\040\000F\000r\000a\000m\000e\000w\000o\000r\000k\000\040\000I\000t\000s\000e\000l\000f}{section.22}% 134
\BOOKMARK [2][-]{subsection.22.10}{\376\377\000S\000u\000m\000m\000a\000r\000y}{section.22}% 135
\BOOKMARK [1][-]{section.23}{\376\377\000T\000w\000o\000-\000P\000o\000r\000t\000\040\000C\000a\000s\000c\000a\000d\000e\000s\000\040\000a\000n\000d\000\040\000A\000s\000s\000e\000m\000b\000l\000y\000\040\000I\000n\000d\000e\000x\000:\000\040\000A\000\040\000C\000o\000m\000p\000a\000r\000a\000t\000i\000v\000e\000\040\000N\000o\000t\000e}{}% 136
\BOOKMARK [2][-]{subsection.23.1}{\376\377\000T\000w\000o\000\040\000D\000i\000f\000f\000e\000r\000e\000n\000t\000\040\000C\000o\000m\000p\000o\000s\000i\000t\000i\000o\000n\000\040\000O\000p\000e\000r\000a\000t\000i\000o\000n\000s\000,\000\040\000O\000n\000e\000\040\000S\000h\000a\000r\000e\000d\000\040\000N\000a\000m\000e}{section.23}% 137
\BOOKMARK [2][-]{subsection.23.2}{\376\377\000A\000\040\000N\000a\000t\000u\000r\000a\000l\000,\000\040\000U\000n\000r\000e\000s\000o\000l\000v\000e\000d\000\040\000E\000x\000t\000e\000n\000s\000i\000o\000n}{section.23}% 138
\BOOKMARK [2][-]{subsection.23.3}{\376\377\000V\000e\000r\000d\000i\000c\000t}{section.23}% 139
\BOOKMARK [1][-]{section.24}{\376\377\000O\000p\000e\000n\000\040\000P\000r\000o\000b\000l\000e\000m\000s}{}% 140
\BOOKMARK [2][-]{subsection.24.1}{\376\377\000T\000h\000e\000\040\000F\000u\000l\000l\000\040\000M\000a\000t\000r\000i\000x\000\040\000C\000a\000s\000e}{section.24}% 141
\BOOKMARK [2][-]{subsection.24.2}{\376\377\000N\000o\000n\000e\000q\000u\000i\000l\000i\000b\000r\000i\000u\000m\000\040\000E\000n\000t\000r\000o\000p\000y\000\040\000a\000n\000d\000\040\000t\000h\000e\000\040\000D\000i\000o\000d\000e}{section.24}% 142
\BOOKMARK [2][-]{subsection.24.3}{\376\377\000N\000o\000n\000-\000P\000e\000r\000i\000o\000d\000i\000c\000\040\000a\000n\000d\000\040\000T\000r\000a\000n\000s\000i\000e\000n\000t\000\040\000B\000e\000h\000a\000v\000i\000o\000r}{section.24}% 143
\BOOKMARK [2][-]{subsection.24.4}{\376\377\000R\000e\000v\000e\000r\000s\000i\000b\000l\000e\000\040\000a\000n\000d\000\040\000A\000d\000i\000a\000b\000a\000t\000i\000c\000\040\000C\000i\000r\000c\000u\000i\000t\000s}{section.24}% 144
\BOOKMARK [2][-]{subsection.24.5}{\376\377\000C\000o\000r\000r\000e\000l\000a\000t\000e\000d\000,\000\040\000M\000u\000l\000t\000i\000-\000C\000e\000l\000l\000\040\000F\000a\000i\000l\000u\000r\000e\000\040\000a\000n\000d\000\040\000R\000e\000p\000a\000i\000r}{section.24}% 145
\BOOKMARK [2][-]{subsection.24.6}{\376\377\000A\000d\000m\000i\000s\000s\000i\000b\000i\000l\000i\000t\000y\000\040\000a\000s\000\040\000a\000\040\000D\000e\000s\000i\000g\000n\000\040\000M\000e\000t\000h\000o\000d\000o\000l\000o\000g\000y}{section.24}% 146
\BOOKMARK [2][-]{subsection.24.7}{\376\377\000B\000e\000y\000o\000n\000d\000\040\000C\000i\000r\000c\000u\000i\000t\000s}{section.24}% 147
\BOOKMARK [1][-]{section*.16}{\376\377\000A\000p\000p\000e\000n\000d\000i\000x\000:\000\040\000A\000\040\000C\000l\000a\000s\000s\000i\000f\000i\000c\000a\000t\000i\000o\000n\000\040\000o\000f\000\040\000T\000h\000i\000s\000\040\000B\000o\000o\000k\000'\000s\000\040\000C\000l\000a\000i\000m\000s}{}% 148
